<?xml version="1.0" encoding="UTF-8"?>
<!-- Generated by org.testng.reporters.JUnitReportReporter -->
<testsuite hostname="FVFJ11G9Q6LR" failures="0" tests="1" name="CollectionOfReq.Delete" time="3.138" errors="0" timestamp="2023-05-16T15:13:24 IST" skipped="0">
  <testcase classname="CollectionOfReq.Delete" name="TC1" time="3.138"/>
  <system-out/>
</testsuite> <!-- CollectionOfReq.Delete -->
