<?xml version="1.0" encoding="UTF-8"?>
<!-- Generated by org.testng.reporters.JUnitReportReporter -->
<testsuite hostname="FVFJ11G9Q6LR" failures="0" tests="1" name="CollectionOfReq.Get" time="0.008" errors="0" timestamp="2023-05-16T12:40:46 IST" skipped="0">
  <testcase classname="CollectionOfReq.Get" name="TC1" time="0.008"/>
  <system-out/>
</testsuite> <!-- CollectionOfReq.Get -->
