<?xml version="1.0" encoding="UTF-8"?>
<!-- Generated by org.testng.reporters.JUnitReportReporter -->
<testsuite hostname="FVFJ11G9Q6LR" failures="0" tests="1" name="CollectionOfReq.Post" time="2.844" errors="0" timestamp="2023-05-16T14:07:41 IST" skipped="0">
  <testcase classname="CollectionOfReq.Post" name="TC1" time="2.844"/>
  <system-out/>
</testsuite> <!-- CollectionOfReq.Post -->
